CRITICAL - 2022-03-17 01:15:48 --> Undefined variable $session
#0 D:\xampp\htdocs\ci4\app\Views\profile\index.php(35): CodeIgniter\Debug\Exceptions->errorHandler(2, 'Undefined varia...', 'D:\\xampp\\htdocs...', 35)
#1 D:\xampp\htdocs\ci4\system\View\View.php(210): include('D:\\xampp\\htdocs...')
#2 D:\xampp\htdocs\ci4\system\View\View.php(213): CodeIgniter\View\View->CodeIgniter\View\{closure}()
#3 D:\xampp\htdocs\ci4\system\Common.php(1089): CodeIgniter\View\View->render('profile/index', Array, true)
#4 D:\xampp\htdocs\ci4\app\Controllers\admin\ProfileController.php(11): view('profile/index')
#5 D:\xampp\htdocs\ci4\system\CodeIgniter.php(832): App\Controllers\Admin\ProfileController->index()
#6 D:\xampp\htdocs\ci4\system\CodeIgniter.php(419): CodeIgniter\CodeIgniter->runController(Object(App\Controllers\Admin\ProfileController))
#7 D:\xampp\htdocs\ci4\system\CodeIgniter.php(326): CodeIgniter\CodeIgniter->handleRequest(NULL, Object(Config\Cache), false)
#8 D:\xampp\htdocs\ci4\index.php(37): CodeIgniter\CodeIgniter->run()
#9 {main}
CRITICAL - 2022-03-17 01:20:32 --> Class "App\Controllers\Admin\AdminModel" not found
#0 D:\xampp\htdocs\ci4\system\CodeIgniter.php(832): App\Controllers\Admin\ProfileController->index()
#1 D:\xampp\htdocs\ci4\system\CodeIgniter.php(419): CodeIgniter\CodeIgniter->runController(Object(App\Controllers\Admin\ProfileController))
#2 D:\xampp\htdocs\ci4\system\CodeIgniter.php(326): CodeIgniter\CodeIgniter->handleRequest(NULL, Object(Config\Cache), false)
#3 D:\xampp\htdocs\ci4\index.php(37): CodeIgniter\CodeIgniter->run()
#4 {main}
CRITICAL - 2022-03-17 01:21:10 --> Undefined variable $id
#0 D:\xampp\htdocs\ci4\app\Controllers\admin\ProfileController.php(13): CodeIgniter\Debug\Exceptions->errorHandler(2, 'Undefined varia...', 'D:\\xampp\\htdocs...', 13)
#1 D:\xampp\htdocs\ci4\system\CodeIgniter.php(832): App\Controllers\Admin\ProfileController->index()
#2 D:\xampp\htdocs\ci4\system\CodeIgniter.php(419): CodeIgniter\CodeIgniter->runController(Object(App\Controllers\Admin\ProfileController))
#3 D:\xampp\htdocs\ci4\system\CodeIgniter.php(326): CodeIgniter\CodeIgniter->handleRequest(NULL, Object(Config\Cache), false)
#4 D:\xampp\htdocs\ci4\index.php(37): CodeIgniter\CodeIgniter->run()
#5 {main}
CRITICAL - 2022-03-17 01:21:42 --> Undefined variable $id
#0 D:\xampp\htdocs\ci4\app\Controllers\admin\ProfileController.php(13): CodeIgniter\Debug\Exceptions->errorHandler(2, 'Undefined varia...', 'D:\\xampp\\htdocs...', 13)
#1 D:\xampp\htdocs\ci4\system\CodeIgniter.php(832): App\Controllers\Admin\ProfileController->index()
#2 D:\xampp\htdocs\ci4\system\CodeIgniter.php(419): CodeIgniter\CodeIgniter->runController(Object(App\Controllers\Admin\ProfileController))
#3 D:\xampp\htdocs\ci4\system\CodeIgniter.php(326): CodeIgniter\CodeIgniter->handleRequest(NULL, Object(Config\Cache), false)
#4 D:\xampp\htdocs\ci4\index.php(37): CodeIgniter\CodeIgniter->run()
#5 {main}
CRITICAL - 2022-03-17 01:24:40 --> Undefined variable $id
#0 D:\xampp\htdocs\ci4\app\Controllers\admin\ProfileController.php(14): CodeIgniter\Debug\Exceptions->errorHandler(2, 'Undefined varia...', 'D:\\xampp\\htdocs...', 14)
#1 D:\xampp\htdocs\ci4\system\CodeIgniter.php(832): App\Controllers\Admin\ProfileController->index()
#2 D:\xampp\htdocs\ci4\system\CodeIgniter.php(419): CodeIgniter\CodeIgniter->runController(Object(App\Controllers\Admin\ProfileController))
#3 D:\xampp\htdocs\ci4\system\CodeIgniter.php(326): CodeIgniter\CodeIgniter->handleRequest(NULL, Object(Config\Cache), false)
#4 D:\xampp\htdocs\ci4\index.php(37): CodeIgniter\CodeIgniter->run()
#5 {main}
CRITICAL - 2022-03-17 02:26:34 --> Too few arguments to function CodeIgniter\HTTP\IncomingRequest::getFile(), 0 passed in D:\xampp\htdocs\ci4\app\Controllers\admin\ProfileController.php on line 21 and exactly 1 expected
#0 D:\xampp\htdocs\ci4\app\Controllers\admin\ProfileController.php(21): CodeIgniter\HTTP\IncomingRequest->getFile()
#1 D:\xampp\htdocs\ci4\system\CodeIgniter.php(832): App\Controllers\Admin\ProfileController->updateProfile()
#2 D:\xampp\htdocs\ci4\system\CodeIgniter.php(419): CodeIgniter\CodeIgniter->runController(Object(App\Controllers\Admin\ProfileController))
#3 D:\xampp\htdocs\ci4\system\CodeIgniter.php(326): CodeIgniter\CodeIgniter->handleRequest(NULL, Object(Config\Cache), false)
#4 D:\xampp\htdocs\ci4\index.php(37): CodeIgniter\CodeIgniter->run()
#5 {main}
CRITICAL - 2022-03-17 02:27:58 --> Too few arguments to function CodeIgniter\HTTP\IncomingRequest::getFile(), 0 passed in D:\xampp\htdocs\ci4\app\Controllers\admin\ProfileController.php on line 21 and exactly 1 expected
#0 D:\xampp\htdocs\ci4\app\Controllers\admin\ProfileController.php(21): CodeIgniter\HTTP\IncomingRequest->getFile()
#1 D:\xampp\htdocs\ci4\system\CodeIgniter.php(832): App\Controllers\Admin\ProfileController->updateProfile()
#2 D:\xampp\htdocs\ci4\system\CodeIgniter.php(419): CodeIgniter\CodeIgniter->runController(Object(App\Controllers\Admin\ProfileController))
#3 D:\xampp\htdocs\ci4\system\CodeIgniter.php(326): CodeIgniter\CodeIgniter->handleRequest(NULL, Object(Config\Cache), false)
#4 D:\xampp\htdocs\ci4\index.php(37): CodeIgniter\CodeIgniter->run()
#5 {main}
