CRITICAL - 2022-03-11 00:03:37 --> Undefined property: CodeIgniter\Config\Services::$example
#0 D:\xampp\htdocs\ci4\app\Controllers\ApiController.php(20): CodeIgniter\Debug\Exceptions->errorHandler(2, 'Undefined prope...', 'D:\\xampp\\htdocs...', 20)
#1 D:\xampp\htdocs\ci4\system\CodeIgniter.php(832): App\Controllers\ApiController->login()
#2 D:\xampp\htdocs\ci4\system\CodeIgniter.php(419): CodeIgniter\CodeIgniter->runController(Object(App\Controllers\ApiController))
#3 D:\xampp\htdocs\ci4\system\CodeIgniter.php(326): CodeIgniter\CodeIgniter->handleRequest(NULL, Object(Config\Cache), false)
#4 D:\xampp\htdocs\ci4\index.php(37): CodeIgniter\CodeIgniter->run()
#5 {main}
CRITICAL - 2022-03-11 00:12:06 --> Undefined variable $ser
#0 D:\xampp\htdocs\ci4\app\Controllers\ApiController.php(20): CodeIgniter\Debug\Exceptions->errorHandler(2, 'Undefined varia...', 'D:\\xampp\\htdocs...', 20)
#1 D:\xampp\htdocs\ci4\system\CodeIgniter.php(832): App\Controllers\ApiController->login()
#2 D:\xampp\htdocs\ci4\system\CodeIgniter.php(419): CodeIgniter\CodeIgniter->runController(Object(App\Controllers\ApiController))
#3 D:\xampp\htdocs\ci4\system\CodeIgniter.php(326): CodeIgniter\CodeIgniter->handleRequest(NULL, Object(Config\Cache), false)
#4 D:\xampp\htdocs\ci4\index.php(37): CodeIgniter\CodeIgniter->run()
#5 {main}
CRITICAL - 2022-03-11 00:30:36 --> hash_hkdf(): Argument #1 ($algo) must be a valid cryptographic hashing algorithm
#0 D:\xampp\htdocs\ci4\system\Encryption\Encryption.php(127): hash_hkdf('HS256', '123456')
#1 D:\xampp\htdocs\ci4\system\Config\Services.php(215): CodeIgniter\Encryption\Encryption->initialize(Object(Config\Encryption))
#2 D:\xampp\htdocs\ci4\app\Config\Services.php(36): CodeIgniter\Config\Services::encrypter()
#3 D:\xampp\htdocs\ci4\system\Config\BaseService.php(248): Config\Services::getJwtKey()
#4 D:\xampp\htdocs\ci4\app\Helpers\Common_helper.php(10): CodeIgniter\Config\BaseService::__callStatic('getJwtKey', Array)
#5 D:\xampp\htdocs\ci4\app\Controllers\ApiController.php(30): jwt_token(Array)
#6 D:\xampp\htdocs\ci4\system\CodeIgniter.php(832): App\Controllers\ApiController->login()
#7 D:\xampp\htdocs\ci4\system\CodeIgniter.php(419): CodeIgniter\CodeIgniter->runController(Object(App\Controllers\ApiController))
#8 D:\xampp\htdocs\ci4\system\CodeIgniter.php(326): CodeIgniter\CodeIgniter->handleRequest(NULL, Object(Config\Cache), false)
#9 D:\xampp\htdocs\ci4\index.php(37): CodeIgniter\CodeIgniter->run()
#10 {main}
CRITICAL - 2022-03-11 00:33:07 --> Decrypting: authentication failed.
#0 D:\xampp\htdocs\ci4\system\Encryption\Handlers\OpenSSLHandler.php(98): CodeIgniter\Encryption\Exceptions\EncryptionException::forAuthenticationFailed()
#1 D:\xampp\htdocs\ci4\app\Filters\BasicauthFilter.php(44): CodeIgniter\Encryption\Handlers\OpenSSLHandler->decrypt('ob3N0IiwiYXVkIj...')
#2 D:\xampp\htdocs\ci4\system\Filters\Filters.php(173): App\Filters\BasicauthFilter->before(Object(CodeIgniter\HTTP\IncomingRequest), NULL)
#3 D:\xampp\htdocs\ci4\system\CodeIgniter.php(393): CodeIgniter\Filters\Filters->run('api/user', 'before')
#4 D:\xampp\htdocs\ci4\system\CodeIgniter.php(326): CodeIgniter\CodeIgniter->handleRequest(NULL, Object(Config\Cache), false)
#5 D:\xampp\htdocs\ci4\index.php(37): CodeIgniter\CodeIgniter->run()
#6 {main}
CRITICAL - 2022-03-11 00:33:19 --> Decrypting: authentication failed.
#0 D:\xampp\htdocs\ci4\system\Encryption\Handlers\OpenSSLHandler.php(98): CodeIgniter\Encryption\Exceptions\EncryptionException::forAuthenticationFailed()
#1 D:\xampp\htdocs\ci4\app\Filters\BasicauthFilter.php(44): CodeIgniter\Encryption\Handlers\OpenSSLHandler->decrypt('ob3N0IiwiYXVkIj...')
#2 D:\xampp\htdocs\ci4\system\Filters\Filters.php(173): App\Filters\BasicauthFilter->before(Object(CodeIgniter\HTTP\IncomingRequest), NULL)
#3 D:\xampp\htdocs\ci4\system\CodeIgniter.php(393): CodeIgniter\Filters\Filters->run('api/user', 'before')
#4 D:\xampp\htdocs\ci4\system\CodeIgniter.php(326): CodeIgniter\CodeIgniter->handleRequest(NULL, Object(Config\Cache), false)
#5 D:\xampp\htdocs\ci4\index.php(37): CodeIgniter\CodeIgniter->run()
#6 {main}
CRITICAL - 2022-03-11 01:22:22 --> Undefined property: CodeIgniter\View\View::$load
#0 D:\xampp\htdocs\ci4\app\Views\layout\master.php(16): CodeIgniter\Debug\Exceptions->errorHandler(2, 'Undefined prope...', 'D:\\xampp\\htdocs...', 16)
#1 D:\xampp\htdocs\ci4\system\View\View.php(210): include('D:\\xampp\\htdocs...')
#2 D:\xampp\htdocs\ci4\system\View\View.php(213): CodeIgniter\View\View->CodeIgniter\View\{closure}()
#3 D:\xampp\htdocs\ci4\system\View\View.php(226): CodeIgniter\View\View->render('layout/master', Array, true)
#4 D:\xampp\htdocs\ci4\system\Common.php(1089): CodeIgniter\View\View->render('welcome_message', Array, true)
#5 D:\xampp\htdocs\ci4\app\Controllers\Home.php(9): view('welcome_message')
#6 D:\xampp\htdocs\ci4\system\CodeIgniter.php(832): App\Controllers\Home->index()
#7 D:\xampp\htdocs\ci4\system\CodeIgniter.php(419): CodeIgniter\CodeIgniter->runController(Object(App\Controllers\Home))
#8 D:\xampp\htdocs\ci4\system\CodeIgniter.php(326): CodeIgniter\CodeIgniter->handleRequest(NULL, Object(Config\Cache), false)
#9 D:\xampp\htdocs\ci4\index.php(37): CodeIgniter\CodeIgniter->run()
#10 {main}
CRITICAL - 2022-03-11 01:23:03 --> Undefined property: CodeIgniter\View\View::$load
#0 D:\xampp\htdocs\ci4\app\Views\layout\master.php(19): CodeIgniter\Debug\Exceptions->errorHandler(2, 'Undefined prope...', 'D:\\xampp\\htdocs...', 19)
#1 D:\xampp\htdocs\ci4\system\View\View.php(210): include('D:\\xampp\\htdocs...')
#2 D:\xampp\htdocs\ci4\system\View\View.php(213): CodeIgniter\View\View->CodeIgniter\View\{closure}()
#3 D:\xampp\htdocs\ci4\system\View\View.php(226): CodeIgniter\View\View->render('layout/master', Array, true)
#4 D:\xampp\htdocs\ci4\system\Common.php(1089): CodeIgniter\View\View->render('welcome_message', Array, true)
#5 D:\xampp\htdocs\ci4\app\Controllers\Home.php(9): view('welcome_message')
#6 D:\xampp\htdocs\ci4\system\CodeIgniter.php(832): App\Controllers\Home->index()
#7 D:\xampp\htdocs\ci4\system\CodeIgniter.php(419): CodeIgniter\CodeIgniter->runController(Object(App\Controllers\Home))
#8 D:\xampp\htdocs\ci4\system\CodeIgniter.php(326): CodeIgniter\CodeIgniter->handleRequest(NULL, Object(Config\Cache), false)
#9 D:\xampp\htdocs\ci4\index.php(37): CodeIgniter\CodeIgniter->run()
#10 {main}
CRITICAL - 2022-03-11 01:24:22 --> Undefined property: CodeIgniter\View\View::$load
#0 D:\xampp\htdocs\ci4\app\Views\layout\master.php(4): CodeIgniter\Debug\Exceptions->errorHandler(2, 'Undefined prope...', 'D:\\xampp\\htdocs...', 4)
#1 D:\xampp\htdocs\ci4\system\View\View.php(210): include('D:\\xampp\\htdocs...')
#2 D:\xampp\htdocs\ci4\system\View\View.php(213): CodeIgniter\View\View->CodeIgniter\View\{closure}()
#3 D:\xampp\htdocs\ci4\system\View\View.php(226): CodeIgniter\View\View->render('layout/master', Array, true)
#4 D:\xampp\htdocs\ci4\system\Common.php(1089): CodeIgniter\View\View->render('welcome_message', Array, true)
#5 D:\xampp\htdocs\ci4\app\Controllers\Home.php(9): view('welcome_message')
#6 D:\xampp\htdocs\ci4\system\CodeIgniter.php(832): App\Controllers\Home->index()
#7 D:\xampp\htdocs\ci4\system\CodeIgniter.php(419): CodeIgniter\CodeIgniter->runController(Object(App\Controllers\Home))
#8 D:\xampp\htdocs\ci4\system\CodeIgniter.php(326): CodeIgniter\CodeIgniter->handleRequest(NULL, Object(Config\Cache), false)
#9 D:\xampp\htdocs\ci4\index.php(37): CodeIgniter\CodeIgniter->run()
#10 {main}
CRITICAL - 2022-03-11 01:31:46 --> Undefined property: CodeIgniter\View\View::$load
#0 D:\xampp\htdocs\ci4\app\Views\layout\master.php(4): CodeIgniter\Debug\Exceptions->errorHandler(2, 'Undefined prope...', 'D:\\xampp\\htdocs...', 4)
#1 D:\xampp\htdocs\ci4\system\View\View.php(210): include('D:\\xampp\\htdocs...')
#2 D:\xampp\htdocs\ci4\system\View\View.php(213): CodeIgniter\View\View->CodeIgniter\View\{closure}()
#3 D:\xampp\htdocs\ci4\system\View\View.php(226): CodeIgniter\View\View->render('layout/master', Array, true)
#4 D:\xampp\htdocs\ci4\system\Common.php(1089): CodeIgniter\View\View->render('welcome_message', Array, true)
#5 D:\xampp\htdocs\ci4\app\Controllers\Home.php(9): view('welcome_message')
#6 D:\xampp\htdocs\ci4\system\CodeIgniter.php(832): App\Controllers\Home->index()
#7 D:\xampp\htdocs\ci4\system\CodeIgniter.php(419): CodeIgniter\CodeIgniter->runController(Object(App\Controllers\Home))
#8 D:\xampp\htdocs\ci4\system\CodeIgniter.php(326): CodeIgniter\CodeIgniter->handleRequest(NULL, Object(Config\Cache), false)
#9 D:\xampp\htdocs\ci4\index.php(37): CodeIgniter\CodeIgniter->run()
#10 {main}
CRITICAL - 2022-03-11 01:32:02 --> Undefined property: CodeIgniter\View\View::$load
#0 D:\xampp\htdocs\ci4\app\Views\layout\master.php(4): CodeIgniter\Debug\Exceptions->errorHandler(2, 'Undefined prope...', 'D:\\xampp\\htdocs...', 4)
#1 D:\xampp\htdocs\ci4\system\View\View.php(210): include('D:\\xampp\\htdocs...')
#2 D:\xampp\htdocs\ci4\system\View\View.php(213): CodeIgniter\View\View->CodeIgniter\View\{closure}()
#3 D:\xampp\htdocs\ci4\system\View\View.php(226): CodeIgniter\View\View->render('layout/master', Array, true)
#4 D:\xampp\htdocs\ci4\system\Common.php(1089): CodeIgniter\View\View->render('welcome_message', Array, true)
#5 D:\xampp\htdocs\ci4\app\Controllers\Home.php(9): view('welcome_message')
#6 D:\xampp\htdocs\ci4\system\CodeIgniter.php(832): App\Controllers\Home->index()
#7 D:\xampp\htdocs\ci4\system\CodeIgniter.php(419): CodeIgniter\CodeIgniter->runController(Object(App\Controllers\Home))
#8 D:\xampp\htdocs\ci4\system\CodeIgniter.php(326): CodeIgniter\CodeIgniter->handleRequest(NULL, Object(Config\Cache), false)
#9 D:\xampp\htdocs\ci4\index.php(37): CodeIgniter\CodeIgniter->run()
#10 {main}
CRITICAL - 2022-03-11 01:33:43 --> Undefined property: CodeIgniter\View\View::$security
#0 D:\xampp\htdocs\ci4\app\Views\layout\head_script.php(4): CodeIgniter\Debug\Exceptions->errorHandler(2, 'Undefined prope...', 'D:\\xampp\\htdocs...', 4)
#1 D:\xampp\htdocs\ci4\system\View\View.php(210): include('D:\\xampp\\htdocs...')
#2 D:\xampp\htdocs\ci4\system\View\View.php(213): CodeIgniter\View\View->CodeIgniter\View\{closure}()
#3 D:\xampp\htdocs\ci4\system\View\View.php(424): CodeIgniter\View\View->render('layout/head_scr...', NULL, true)
#4 D:\xampp\htdocs\ci4\app\Views\layout\master.php(4): CodeIgniter\View\View->include('layout/head_scr...')
#5 D:\xampp\htdocs\ci4\system\View\View.php(210): include('D:\\xampp\\htdocs...')
#6 D:\xampp\htdocs\ci4\system\View\View.php(213): CodeIgniter\View\View->CodeIgniter\View\{closure}()
#7 D:\xampp\htdocs\ci4\system\View\View.php(226): CodeIgniter\View\View->render('layout/master', Array, true)
#8 D:\xampp\htdocs\ci4\system\Common.php(1089): CodeIgniter\View\View->render('welcome_message', Array, true)
#9 D:\xampp\htdocs\ci4\app\Controllers\Home.php(9): view('welcome_message')
#10 D:\xampp\htdocs\ci4\system\CodeIgniter.php(832): App\Controllers\Home->index()
#11 D:\xampp\htdocs\ci4\system\CodeIgniter.php(419): CodeIgniter\CodeIgniter->runController(Object(App\Controllers\Home))
#12 D:\xampp\htdocs\ci4\system\CodeIgniter.php(326): CodeIgniter\CodeIgniter->handleRequest(NULL, Object(Config\Cache), false)
#13 D:\xampp\htdocs\ci4\index.php(37): CodeIgniter\CodeIgniter->run()
#14 {main}
CRITICAL - 2022-03-11 01:33:47 --> Undefined property: CodeIgniter\View\View::$security
#0 D:\xampp\htdocs\ci4\app\Views\layout\head_script.php(4): CodeIgniter\Debug\Exceptions->errorHandler(2, 'Undefined prope...', 'D:\\xampp\\htdocs...', 4)
#1 D:\xampp\htdocs\ci4\system\View\View.php(210): include('D:\\xampp\\htdocs...')
#2 D:\xampp\htdocs\ci4\system\View\View.php(213): CodeIgniter\View\View->CodeIgniter\View\{closure}()
#3 D:\xampp\htdocs\ci4\system\View\View.php(424): CodeIgniter\View\View->render('layout/head_scr...', NULL, true)
#4 D:\xampp\htdocs\ci4\app\Views\layout\master.php(4): CodeIgniter\View\View->include('layout/head_scr...')
#5 D:\xampp\htdocs\ci4\system\View\View.php(210): include('D:\\xampp\\htdocs...')
#6 D:\xampp\htdocs\ci4\system\View\View.php(213): CodeIgniter\View\View->CodeIgniter\View\{closure}()
#7 D:\xampp\htdocs\ci4\system\View\View.php(226): CodeIgniter\View\View->render('layout/master', Array, true)
#8 D:\xampp\htdocs\ci4\system\Common.php(1089): CodeIgniter\View\View->render('welcome_message', Array, true)
#9 D:\xampp\htdocs\ci4\app\Controllers\Home.php(9): view('welcome_message')
#10 D:\xampp\htdocs\ci4\system\CodeIgniter.php(832): App\Controllers\Home->index()
#11 D:\xampp\htdocs\ci4\system\CodeIgniter.php(419): CodeIgniter\CodeIgniter->runController(Object(App\Controllers\Home))
#12 D:\xampp\htdocs\ci4\system\CodeIgniter.php(326): CodeIgniter\CodeIgniter->handleRequest(NULL, Object(Config\Cache), false)
#13 D:\xampp\htdocs\ci4\index.php(37): CodeIgniter\CodeIgniter->run()
#14 {main}
CRITICAL - 2022-03-11 01:34:11 --> Call to undefined function link_tag()
#0 D:\xampp\htdocs\ci4\system\View\View.php(210): include()
#1 D:\xampp\htdocs\ci4\system\View\View.php(213): CodeIgniter\View\View->CodeIgniter\View\{closure}()
#2 D:\xampp\htdocs\ci4\system\View\View.php(424): CodeIgniter\View\View->render('layout/head_scr...', NULL, true)
#3 D:\xampp\htdocs\ci4\app\Views\layout\master.php(4): CodeIgniter\View\View->include('layout/head_scr...')
#4 D:\xampp\htdocs\ci4\system\View\View.php(210): include('D:\\xampp\\htdocs...')
#5 D:\xampp\htdocs\ci4\system\View\View.php(213): CodeIgniter\View\View->CodeIgniter\View\{closure}()
#6 D:\xampp\htdocs\ci4\system\View\View.php(226): CodeIgniter\View\View->render('layout/master', Array, true)
#7 D:\xampp\htdocs\ci4\system\Common.php(1089): CodeIgniter\View\View->render('welcome_message', Array, true)
#8 D:\xampp\htdocs\ci4\app\Controllers\Home.php(9): view('welcome_message')
#9 D:\xampp\htdocs\ci4\system\CodeIgniter.php(832): App\Controllers\Home->index()
#10 D:\xampp\htdocs\ci4\system\CodeIgniter.php(419): CodeIgniter\CodeIgniter->runController(Object(App\Controllers\Home))
#11 D:\xampp\htdocs\ci4\system\CodeIgniter.php(326): CodeIgniter\CodeIgniter->handleRequest(NULL, Object(Config\Cache), false)
#12 D:\xampp\htdocs\ci4\index.php(37): CodeIgniter\CodeIgniter->run()
#13 {main}
CRITICAL - 2022-03-11 02:47:38 --> Undefined property: CodeIgniter\View\View::$session
#0 D:\xampp\htdocs\ci4\app\Views\auth\login.php(42): CodeIgniter\Debug\Exceptions->errorHandler(2, 'Undefined prope...', 'D:\\xampp\\htdocs...', 42)
#1 D:\xampp\htdocs\ci4\system\View\View.php(210): include('D:\\xampp\\htdocs...')
#2 D:\xampp\htdocs\ci4\system\View\View.php(213): CodeIgniter\View\View->CodeIgniter\View\{closure}()
#3 D:\xampp\htdocs\ci4\system\Common.php(1089): CodeIgniter\View\View->render('auth/login', Array, true)
#4 D:\xampp\htdocs\ci4\app\Controllers\admin\LoginController.php(11): view('auth/login')
#5 D:\xampp\htdocs\ci4\system\CodeIgniter.php(832): App\Controllers\Admin\LoginController->index()
#6 D:\xampp\htdocs\ci4\system\CodeIgniter.php(419): CodeIgniter\CodeIgniter->runController(Object(App\Controllers\Admin\LoginController))
#7 D:\xampp\htdocs\ci4\system\CodeIgniter.php(326): CodeIgniter\CodeIgniter->handleRequest(NULL, Object(Config\Cache), false)
#8 D:\xampp\htdocs\ci4\index.php(37): CodeIgniter\CodeIgniter->run()
#9 {main}
CRITICAL - 2022-03-11 03:54:59 --> Call to undefined method CodeIgniter\View\View::session()
#0 D:\xampp\htdocs\ci4\system\View\View.php(210): include()
#1 D:\xampp\htdocs\ci4\system\View\View.php(213): CodeIgniter\View\View->CodeIgniter\View\{closure}()
#2 D:\xampp\htdocs\ci4\system\Common.php(1089): CodeIgniter\View\View->render('auth/login', Array, true)
#3 D:\xampp\htdocs\ci4\app\Controllers\admin\LoginController.php(25): view('auth/login')
#4 D:\xampp\htdocs\ci4\system\CodeIgniter.php(832): App\Controllers\Admin\LoginController->index()
#5 D:\xampp\htdocs\ci4\system\CodeIgniter.php(419): CodeIgniter\CodeIgniter->runController(Object(App\Controllers\Admin\LoginController))
#6 D:\xampp\htdocs\ci4\system\CodeIgniter.php(326): CodeIgniter\CodeIgniter->handleRequest(NULL, Object(Config\Cache), false)
#7 D:\xampp\htdocs\ci4\index.php(37): CodeIgniter\CodeIgniter->run()
#8 {main}
CRITICAL - 2022-03-11 04:05:29 --> Array to string conversion
#0 D:\xampp\htdocs\ci4\app\Views\auth\login.php(48): CodeIgniter\Debug\Exceptions->errorHandler(2, 'Array to string...', 'D:\\xampp\\htdocs...', 48)
#1 D:\xampp\htdocs\ci4\system\View\View.php(210): include('D:\\xampp\\htdocs...')
#2 D:\xampp\htdocs\ci4\system\View\View.php(213): CodeIgniter\View\View->CodeIgniter\View\{closure}()
#3 D:\xampp\htdocs\ci4\system\Common.php(1089): CodeIgniter\View\View->render('auth/login', Array, true)
#4 D:\xampp\htdocs\ci4\app\Controllers\admin\LoginController.php(25): view('auth/login')
#5 D:\xampp\htdocs\ci4\system\CodeIgniter.php(832): App\Controllers\Admin\LoginController->index()
#6 D:\xampp\htdocs\ci4\system\CodeIgniter.php(419): CodeIgniter\CodeIgniter->runController(Object(App\Controllers\Admin\LoginController))
#7 D:\xampp\htdocs\ci4\system\CodeIgniter.php(326): CodeIgniter\CodeIgniter->handleRequest(NULL, Object(Config\Cache), false)
#8 D:\xampp\htdocs\ci4\index.php(37): CodeIgniter\CodeIgniter->run()
#9 {main}
CRITICAL - 2022-03-11 04:11:10 --> Array to string conversion
#0 D:\xampp\htdocs\ci4\app\Views\auth\login.php(47): CodeIgniter\Debug\Exceptions->errorHandler(2, 'Array to string...', 'D:\\xampp\\htdocs...', 47)
#1 D:\xampp\htdocs\ci4\system\View\View.php(210): include('D:\\xampp\\htdocs...')
#2 D:\xampp\htdocs\ci4\system\View\View.php(213): CodeIgniter\View\View->CodeIgniter\View\{closure}()
#3 D:\xampp\htdocs\ci4\system\Common.php(1089): CodeIgniter\View\View->render('auth/login', Array, true)
#4 D:\xampp\htdocs\ci4\app\Controllers\admin\LoginController.php(25): view('auth/login')
#5 D:\xampp\htdocs\ci4\system\CodeIgniter.php(832): App\Controllers\Admin\LoginController->index()
#6 D:\xampp\htdocs\ci4\system\CodeIgniter.php(419): CodeIgniter\CodeIgniter->runController(Object(App\Controllers\Admin\LoginController))
#7 D:\xampp\htdocs\ci4\system\CodeIgniter.php(326): CodeIgniter\CodeIgniter->handleRequest(NULL, Object(Config\Cache), false)
#8 D:\xampp\htdocs\ci4\index.php(37): CodeIgniter\CodeIgniter->run()
#9 {main}
CRITICAL - 2022-03-11 04:53:06 --> Undefined property: CodeIgniter\View\View::$session
#0 D:\xampp\htdocs\ci4\app\Views\auth\login.php(47): CodeIgniter\Debug\Exceptions->errorHandler(2, 'Undefined prope...', 'D:\\xampp\\htdocs...', 47)
#1 D:\xampp\htdocs\ci4\system\View\View.php(210): include('D:\\xampp\\htdocs...')
#2 D:\xampp\htdocs\ci4\system\View\View.php(213): CodeIgniter\View\View->CodeIgniter\View\{closure}()
#3 D:\xampp\htdocs\ci4\system\Common.php(1089): CodeIgniter\View\View->render('auth/login', Array, true)
#4 D:\xampp\htdocs\ci4\app\Controllers\admin\LoginController.php(24): view('auth/login')
#5 D:\xampp\htdocs\ci4\system\CodeIgniter.php(832): App\Controllers\Admin\LoginController->index()
#6 D:\xampp\htdocs\ci4\system\CodeIgniter.php(419): CodeIgniter\CodeIgniter->runController(Object(App\Controllers\Admin\LoginController))
#7 D:\xampp\htdocs\ci4\system\CodeIgniter.php(326): CodeIgniter\CodeIgniter->handleRequest(NULL, Object(Config\Cache), false)
#8 D:\xampp\htdocs\ci4\index.php(37): CodeIgniter\CodeIgniter->run()
#9 {main}
CRITICAL - 2022-03-11 04:53:42 --> Undefined variable $session
#0 D:\xampp\htdocs\ci4\app\Views\auth\login.php(47): CodeIgniter\Debug\Exceptions->errorHandler(2, 'Undefined varia...', 'D:\\xampp\\htdocs...', 47)
#1 D:\xampp\htdocs\ci4\system\View\View.php(210): include('D:\\xampp\\htdocs...')
#2 D:\xampp\htdocs\ci4\system\View\View.php(213): CodeIgniter\View\View->CodeIgniter\View\{closure}()
#3 D:\xampp\htdocs\ci4\system\Common.php(1089): CodeIgniter\View\View->render('auth/login', Array, true)
#4 D:\xampp\htdocs\ci4\app\Controllers\admin\LoginController.php(24): view('auth/login')
#5 D:\xampp\htdocs\ci4\system\CodeIgniter.php(832): App\Controllers\Admin\LoginController->index()
#6 D:\xampp\htdocs\ci4\system\CodeIgniter.php(419): CodeIgniter\CodeIgniter->runController(Object(App\Controllers\Admin\LoginController))
#7 D:\xampp\htdocs\ci4\system\CodeIgniter.php(326): CodeIgniter\CodeIgniter->handleRequest(NULL, Object(Config\Cache), false)
#8 D:\xampp\htdocs\ci4\index.php(37): CodeIgniter\CodeIgniter->run()
#9 {main}
CRITICAL - 2022-03-11 04:55:26 --> User does not exist for specified email address
#0 D:\xampp\htdocs\ci4\app\Controllers\admin\LoginController.php(53): App\Models\AdminModel->findUserByEmailAddress('ashvinasdas@gma...')
#1 D:\xampp\htdocs\ci4\system\CodeIgniter.php(832): App\Controllers\Admin\LoginController->login()
#2 D:\xampp\htdocs\ci4\system\CodeIgniter.php(419): CodeIgniter\CodeIgniter->runController(Object(App\Controllers\Admin\LoginController))
#3 D:\xampp\htdocs\ci4\system\CodeIgniter.php(326): CodeIgniter\CodeIgniter->handleRequest(NULL, Object(Config\Cache), false)
#4 D:\xampp\htdocs\ci4\index.php(37): CodeIgniter\CodeIgniter->run()
#5 {main}
CRITICAL - 2022-03-11 05:00:00 --> Invalid file: dashboard.php
#0 D:\xampp\htdocs\ci4\system\View\View.php(198): CodeIgniter\Exceptions\FrameworkException::forInvalidFile('dashboard.php')
#1 D:\xampp\htdocs\ci4\system\Common.php(1089): CodeIgniter\View\View->render('dashboard', Array, true)
#2 D:\xampp\htdocs\ci4\app\Controllers\admin\DashboardController.php(11): view('dashboard')
#3 D:\xampp\htdocs\ci4\system\CodeIgniter.php(832): App\Controllers\Admin\DashboardController->index()
#4 D:\xampp\htdocs\ci4\system\CodeIgniter.php(419): CodeIgniter\CodeIgniter->runController(Object(App\Controllers\Admin\DashboardController))
#5 D:\xampp\htdocs\ci4\system\CodeIgniter.php(326): CodeIgniter\CodeIgniter->handleRequest(NULL, Object(Config\Cache), false)
#6 D:\xampp\htdocs\ci4\index.php(37): CodeIgniter\CodeIgniter->run()
#7 {main}
CRITICAL - 2022-03-11 05:12:28 --> Undefined variable $session
#0 D:\xampp\htdocs\ci4\app\Views\layout\navigation_menu.php(17): CodeIgniter\Debug\Exceptions->errorHandler(2, 'Undefined varia...', 'D:\\xampp\\htdocs...', 17)
#1 D:\xampp\htdocs\ci4\system\View\View.php(210): include('D:\\xampp\\htdocs...')
#2 D:\xampp\htdocs\ci4\system\View\View.php(213): CodeIgniter\View\View->CodeIgniter\View\{closure}()
#3 D:\xampp\htdocs\ci4\system\View\View.php(424): CodeIgniter\View\View->render('layout/navigati...', NULL, true)
#4 D:\xampp\htdocs\ci4\app\Views\layout\master.php(18): CodeIgniter\View\View->include('layout/navigati...')
#5 D:\xampp\htdocs\ci4\system\View\View.php(210): include('D:\\xampp\\htdocs...')
#6 D:\xampp\htdocs\ci4\system\View\View.php(213): CodeIgniter\View\View->CodeIgniter\View\{closure}()
#7 D:\xampp\htdocs\ci4\system\View\View.php(226): CodeIgniter\View\View->render('layout/master', Array, true)
#8 D:\xampp\htdocs\ci4\system\Common.php(1089): CodeIgniter\View\View->render('dashboard/index', Array, true)
#9 D:\xampp\htdocs\ci4\app\Controllers\admin\DashboardController.php(11): view('dashboard/index')
#10 D:\xampp\htdocs\ci4\system\CodeIgniter.php(832): App\Controllers\Admin\DashboardController->index()
#11 D:\xampp\htdocs\ci4\system\CodeIgniter.php(419): CodeIgniter\CodeIgniter->runController(Object(App\Controllers\Admin\DashboardController))
#12 D:\xampp\htdocs\ci4\system\CodeIgniter.php(326): CodeIgniter\CodeIgniter->handleRequest(NULL, Object(Config\Cache), false)
#13 D:\xampp\htdocs\ci4\index.php(37): CodeIgniter\CodeIgniter->run()
#14 {main}
CRITICAL - 2022-03-11 05:12:36 --> Undefined variable $session
#0 D:\xampp\htdocs\ci4\app\Views\layout\navigation_menu.php(17): CodeIgniter\Debug\Exceptions->errorHandler(2, 'Undefined varia...', 'D:\\xampp\\htdocs...', 17)
#1 D:\xampp\htdocs\ci4\system\View\View.php(210): include('D:\\xampp\\htdocs...')
#2 D:\xampp\htdocs\ci4\system\View\View.php(213): CodeIgniter\View\View->CodeIgniter\View\{closure}()
#3 D:\xampp\htdocs\ci4\system\View\View.php(424): CodeIgniter\View\View->render('layout/navigati...', NULL, true)
#4 D:\xampp\htdocs\ci4\app\Views\layout\master.php(18): CodeIgniter\View\View->include('layout/navigati...')
#5 D:\xampp\htdocs\ci4\system\View\View.php(210): include('D:\\xampp\\htdocs...')
#6 D:\xampp\htdocs\ci4\system\View\View.php(213): CodeIgniter\View\View->CodeIgniter\View\{closure}()
#7 D:\xampp\htdocs\ci4\system\View\View.php(226): CodeIgniter\View\View->render('layout/master', Array, true)
#8 D:\xampp\htdocs\ci4\system\Common.php(1089): CodeIgniter\View\View->render('dashboard/index', Array, true)
#9 D:\xampp\htdocs\ci4\app\Controllers\admin\DashboardController.php(11): view('dashboard/index')
#10 D:\xampp\htdocs\ci4\system\CodeIgniter.php(832): App\Controllers\Admin\DashboardController->index()
#11 D:\xampp\htdocs\ci4\system\CodeIgniter.php(419): CodeIgniter\CodeIgniter->runController(Object(App\Controllers\Admin\DashboardController))
#12 D:\xampp\htdocs\ci4\system\CodeIgniter.php(326): CodeIgniter\CodeIgniter->handleRequest(NULL, Object(Config\Cache), false)
#13 D:\xampp\htdocs\ci4\index.php(37): CodeIgniter\CodeIgniter->run()
#14 {main}
CRITICAL - 2022-03-11 05:39:23 --> preg_match(): Compilation failed: PCRE2 does not support \F, \L, \l, \N{name}, \U, or \u at offset 14
#0 [internal function]: CodeIgniter\Debug\Exceptions->errorHandler(2, 'preg_match(): C...', 'D:\\xampp\\htdocs...', 384)
#1 D:\xampp\htdocs\ci4\system\Router\Router.php(384): preg_match('#^admin/Admin\\u...', 'admin/users', Array)
#2 D:\xampp\htdocs\ci4\system\Router\Router.php(154): CodeIgniter\Router\Router->checkRoutes('admin/users')
#3 D:\xampp\htdocs\ci4\system\CodeIgniter.php(726): CodeIgniter\Router\Router->handle('admin/users')
#4 D:\xampp\htdocs\ci4\system\CodeIgniter.php(368): CodeIgniter\CodeIgniter->tryToRouteIt(Object(CodeIgniter\Router\RouteCollection))
#5 D:\xampp\htdocs\ci4\system\CodeIgniter.php(326): CodeIgniter\CodeIgniter->handleRequest(NULL, Object(Config\Cache), false)
#6 D:\xampp\htdocs\ci4\index.php(37): CodeIgniter\CodeIgniter->run()
#7 {main}
CRITICAL - 2022-03-11 05:39:38 --> preg_match(): Compilation failed: PCRE2 does not support \F, \L, \l, \N{name}, \U, or \u at offset 14
#0 [internal function]: CodeIgniter\Debug\Exceptions->errorHandler(2, 'preg_match(): C...', 'D:\\xampp\\htdocs...', 384)
#1 D:\xampp\htdocs\ci4\system\Router\Router.php(384): preg_match('#^admin/admin\\u...', 'admin/users', Array)
#2 D:\xampp\htdocs\ci4\system\Router\Router.php(154): CodeIgniter\Router\Router->checkRoutes('admin/users')
#3 D:\xampp\htdocs\ci4\system\CodeIgniter.php(726): CodeIgniter\Router\Router->handle('admin/users')
#4 D:\xampp\htdocs\ci4\system\CodeIgniter.php(368): CodeIgniter\CodeIgniter->tryToRouteIt(Object(CodeIgniter\Router\RouteCollection))
#5 D:\xampp\htdocs\ci4\system\CodeIgniter.php(326): CodeIgniter\CodeIgniter->handleRequest(NULL, Object(Config\Cache), false)
#6 D:\xampp\htdocs\ci4\index.php(37): CodeIgniter\CodeIgniter->run()
#7 {main}
CRITICAL - 2022-03-11 05:39:43 --> preg_match(): Compilation failed: PCRE2 does not support \F, \L, \l, \N{name}, \U, or \u at offset 14
#0 [internal function]: CodeIgniter\Debug\Exceptions->errorHandler(2, 'preg_match(): C...', 'D:\\xampp\\htdocs...', 384)
#1 D:\xampp\htdocs\ci4\system\Router\Router.php(384): preg_match('#^admin/admin\\u...', 'admin/users', Array)
#2 D:\xampp\htdocs\ci4\system\Router\Router.php(154): CodeIgniter\Router\Router->checkRoutes('admin/users')
#3 D:\xampp\htdocs\ci4\system\CodeIgniter.php(726): CodeIgniter\Router\Router->handle('admin/users')
#4 D:\xampp\htdocs\ci4\system\CodeIgniter.php(368): CodeIgniter\CodeIgniter->tryToRouteIt(Object(CodeIgniter\Router\RouteCollection))
#5 D:\xampp\htdocs\ci4\system\CodeIgniter.php(326): CodeIgniter\CodeIgniter->handleRequest(NULL, Object(Config\Cache), false)
#6 D:\xampp\htdocs\ci4\index.php(37): CodeIgniter\CodeIgniter->run()
#7 {main}
CRITICAL - 2022-03-11 05:42:06 --> CodeIgniter\Router\RouteCollection::resource(): Argument #2 ($options) must be of type ?array, string given, called in D:\xampp\htdocs\ci4\app\Config\Routes.php on line 47
#0 D:\xampp\htdocs\ci4\app\Config\Routes.php(47): CodeIgniter\Router\RouteCollection->resource('users', 'admin/UsersCont...')
#1 D:\xampp\htdocs\ci4\system\Router\RouteCollection.php(607): CodeIgniter\CodeIgniter->Config\{closure}(Object(CodeIgniter\Router\RouteCollection))
#2 D:\xampp\htdocs\ci4\app\Config\Routes.php(49): CodeIgniter\Router\RouteCollection->group('admin', Object(Closure))
#3 D:\xampp\htdocs\ci4\system\CodeIgniter.php(713): require('D:\\xampp\\htdocs...')
#4 D:\xampp\htdocs\ci4\system\CodeIgniter.php(368): CodeIgniter\CodeIgniter->tryToRouteIt(Object(CodeIgniter\Router\RouteCollection))
#5 D:\xampp\htdocs\ci4\system\CodeIgniter.php(326): CodeIgniter\CodeIgniter->handleRequest(NULL, Object(Config\Cache), false)
#6 D:\xampp\htdocs\ci4\system\CLI\Console.php(48): CodeIgniter\CodeIgniter->run()
#7 D:\xampp\htdocs\ci4\spark(63): CodeIgniter\CLI\Console->run()
#8 {main}
CRITICAL - 2022-03-11 05:53:35 --> CodeIgniter\Router\RouteCollection::resource(): Argument #2 ($options) must be of type ?array, string given, called in D:\xampp\htdocs\ci4\app\Config\Routes.php on line 47
#0 D:\xampp\htdocs\ci4\app\Config\Routes.php(47): CodeIgniter\Router\RouteCollection->resource('users', 'admin\\UsersCont...')
#1 D:\xampp\htdocs\ci4\system\Router\RouteCollection.php(607): CodeIgniter\CodeIgniter->Config\{closure}(Object(CodeIgniter\Router\RouteCollection))
#2 D:\xampp\htdocs\ci4\app\Config\Routes.php(49): CodeIgniter\Router\RouteCollection->group('admin', Object(Closure))
#3 D:\xampp\htdocs\ci4\system\CodeIgniter.php(713): require('D:\\xampp\\htdocs...')
#4 D:\xampp\htdocs\ci4\system\CodeIgniter.php(368): CodeIgniter\CodeIgniter->tryToRouteIt(Object(CodeIgniter\Router\RouteCollection))
#5 D:\xampp\htdocs\ci4\system\CodeIgniter.php(326): CodeIgniter\CodeIgniter->handleRequest(NULL, Object(Config\Cache), false)
#6 D:\xampp\htdocs\ci4\index.php(37): CodeIgniter\CodeIgniter->run()
#7 {main}
CRITICAL - 2022-03-11 05:53:48 --> CodeIgniter\Router\RouteCollection::resource(): Argument #2 ($options) must be of type ?array, string given, called in D:\xampp\htdocs\ci4\app\Config\Routes.php on line 47
#0 D:\xampp\htdocs\ci4\app\Config\Routes.php(47): CodeIgniter\Router\RouteCollection->resource('users', 'admin/UsersCont...')
#1 D:\xampp\htdocs\ci4\system\Router\RouteCollection.php(607): CodeIgniter\CodeIgniter->Config\{closure}(Object(CodeIgniter\Router\RouteCollection))
#2 D:\xampp\htdocs\ci4\app\Config\Routes.php(49): CodeIgniter\Router\RouteCollection->group('admin', Object(Closure))
#3 D:\xampp\htdocs\ci4\system\CodeIgniter.php(713): require('D:\\xampp\\htdocs...')
#4 D:\xampp\htdocs\ci4\system\CodeIgniter.php(368): CodeIgniter\CodeIgniter->tryToRouteIt(Object(CodeIgniter\Router\RouteCollection))
#5 D:\xampp\htdocs\ci4\system\CodeIgniter.php(326): CodeIgniter\CodeIgniter->handleRequest(NULL, Object(Config\Cache), false)
#6 D:\xampp\htdocs\ci4\index.php(37): CodeIgniter\CodeIgniter->run()
#7 {main}
CRITICAL - 2022-03-11 05:54:06 --> CodeIgniter\Router\RouteCollection::resource(): Argument #2 ($options) must be of type ?array, string given, called in D:\xampp\htdocs\ci4\app\Config\Routes.php on line 47
#0 D:\xampp\htdocs\ci4\app\Config\Routes.php(47): CodeIgniter\Router\RouteCollection->resource('users', 'Admin\\UsersCont...')
#1 D:\xampp\htdocs\ci4\system\Router\RouteCollection.php(607): CodeIgniter\CodeIgniter->Config\{closure}(Object(CodeIgniter\Router\RouteCollection))
#2 D:\xampp\htdocs\ci4\app\Config\Routes.php(49): CodeIgniter\Router\RouteCollection->group('admin', Object(Closure))
#3 D:\xampp\htdocs\ci4\system\CodeIgniter.php(713): require('D:\\xampp\\htdocs...')
#4 D:\xampp\htdocs\ci4\system\CodeIgniter.php(368): CodeIgniter\CodeIgniter->tryToRouteIt(Object(CodeIgniter\Router\RouteCollection))
#5 D:\xampp\htdocs\ci4\system\CodeIgniter.php(326): CodeIgniter\CodeIgniter->handleRequest(NULL, Object(Config\Cache), false)
#6 D:\xampp\htdocs\ci4\index.php(37): CodeIgniter\CodeIgniter->run()
#7 {main}
CRITICAL - 2022-03-11 05:54:10 --> CodeIgniter\Router\RouteCollection::resource(): Argument #2 ($options) must be of type ?array, string given, called in D:\xampp\htdocs\ci4\app\Config\Routes.php on line 47
#0 D:\xampp\htdocs\ci4\app\Config\Routes.php(47): CodeIgniter\Router\RouteCollection->resource('users', 'Admin/UsersCont...')
#1 D:\xampp\htdocs\ci4\system\Router\RouteCollection.php(607): CodeIgniter\CodeIgniter->Config\{closure}(Object(CodeIgniter\Router\RouteCollection))
#2 D:\xampp\htdocs\ci4\app\Config\Routes.php(49): CodeIgniter\Router\RouteCollection->group('admin', Object(Closure))
#3 D:\xampp\htdocs\ci4\system\CodeIgniter.php(713): require('D:\\xampp\\htdocs...')
#4 D:\xampp\htdocs\ci4\system\CodeIgniter.php(368): CodeIgniter\CodeIgniter->tryToRouteIt(Object(CodeIgniter\Router\RouteCollection))
#5 D:\xampp\htdocs\ci4\system\CodeIgniter.php(326): CodeIgniter\CodeIgniter->handleRequest(NULL, Object(Config\Cache), false)
#6 D:\xampp\htdocs\ci4\index.php(37): CodeIgniter\CodeIgniter->run()
#7 {main}
CRITICAL - 2022-03-11 06:07:01 --> Call to undefined function link_tag()
#0 D:\xampp\htdocs\ci4\system\View\View.php(210): include()
#1 D:\xampp\htdocs\ci4\system\View\View.php(213): CodeIgniter\View\View->CodeIgniter\View\{closure}()
#2 D:\xampp\htdocs\ci4\system\View\View.php(424): CodeIgniter\View\View->render('layout/head_scr...', NULL, true)
#3 D:\xampp\htdocs\ci4\app\Views\layout\master.php(4): CodeIgniter\View\View->include('layout/head_scr...')
#4 D:\xampp\htdocs\ci4\system\View\View.php(210): include('D:\\xampp\\htdocs...')
#5 D:\xampp\htdocs\ci4\system\View\View.php(213): CodeIgniter\View\View->CodeIgniter\View\{closure}()
#6 D:\xampp\htdocs\ci4\system\View\View.php(226): CodeIgniter\View\View->render('layout/master', Array, true)
#7 D:\xampp\htdocs\ci4\system\Common.php(1089): CodeIgniter\View\View->render('users/index', Array, true)
#8 D:\xampp\htdocs\ci4\app\Controllers\admin\UsersController.php(16): view('users/index')
#9 D:\xampp\htdocs\ci4\system\CodeIgniter.php(832): App\Controllers\Admin\UsersController->index()
#10 D:\xampp\htdocs\ci4\system\CodeIgniter.php(419): CodeIgniter\CodeIgniter->runController(Object(App\Controllers\Admin\UsersController))
#11 D:\xampp\htdocs\ci4\system\CodeIgniter.php(326): CodeIgniter\CodeIgniter->handleRequest(NULL, Object(Config\Cache), false)
#12 D:\xampp\htdocs\ci4\index.php(37): CodeIgniter\CodeIgniter->run()
#13 {main}
CRITICAL - 2022-03-11 06:18:30 --> Undefined variable $data
#0 D:\xampp\htdocs\ci4\app\Views\users\index.php(59): CodeIgniter\Debug\Exceptions->errorHandler(2, 'Undefined varia...', 'D:\\xampp\\htdocs...', 59)
#1 D:\xampp\htdocs\ci4\system\View\View.php(210): include('D:\\xampp\\htdocs...')
#2 D:\xampp\htdocs\ci4\system\View\View.php(213): CodeIgniter\View\View->CodeIgniter\View\{closure}()
#3 D:\xampp\htdocs\ci4\system\Common.php(1089): CodeIgniter\View\View->render('users/index', Array, true)
#4 D:\xampp\htdocs\ci4\app\Controllers\admin\UsersController.php(26): view('users/index', Array)
#5 D:\xampp\htdocs\ci4\system\CodeIgniter.php(832): App\Controllers\Admin\UsersController->index()
#6 D:\xampp\htdocs\ci4\system\CodeIgniter.php(419): CodeIgniter\CodeIgniter->runController(Object(App\Controllers\Admin\UsersController))
#7 D:\xampp\htdocs\ci4\system\CodeIgniter.php(326): CodeIgniter\CodeIgniter->handleRequest(NULL, Object(Config\Cache), false)
#8 D:\xampp\htdocs\ci4\index.php(37): CodeIgniter\CodeIgniter->run()
#9 {main}
CRITICAL - 2022-03-11 06:28:20 --> Undefined variable $val
#0 D:\xampp\htdocs\ci4\app\Views\users\index.php(66): CodeIgniter\Debug\Exceptions->errorHandler(2, 'Undefined varia...', 'D:\\xampp\\htdocs...', 66)
#1 D:\xampp\htdocs\ci4\system\View\View.php(210): include('D:\\xampp\\htdocs...')
#2 D:\xampp\htdocs\ci4\system\View\View.php(213): CodeIgniter\View\View->CodeIgniter\View\{closure}()
#3 D:\xampp\htdocs\ci4\system\Common.php(1089): CodeIgniter\View\View->render('users/index', Array, true)
#4 D:\xampp\htdocs\ci4\app\Controllers\admin\UsersController.php(26): view('users/index', Array)
#5 D:\xampp\htdocs\ci4\system\CodeIgniter.php(832): App\Controllers\Admin\UsersController->index()
#6 D:\xampp\htdocs\ci4\system\CodeIgniter.php(419): CodeIgniter\CodeIgniter->runController(Object(App\Controllers\Admin\UsersController))
#7 D:\xampp\htdocs\ci4\system\CodeIgniter.php(326): CodeIgniter\CodeIgniter->handleRequest(NULL, Object(Config\Cache), false)
#8 D:\xampp\htdocs\ci4\index.php(37): CodeIgniter\CodeIgniter->run()
#9 {main}
CRITICAL - 2022-03-11 06:30:40 --> Undefined constant "users"
#0 D:\xampp\htdocs\ci4\system\View\View.php(210): include()
#1 D:\xampp\htdocs\ci4\system\View\View.php(213): CodeIgniter\View\View->CodeIgniter\View\{closure}()
#2 D:\xampp\htdocs\ci4\system\Common.php(1089): CodeIgniter\View\View->render('users/index', Array, true)
#3 D:\xampp\htdocs\ci4\app\Controllers\admin\UsersController.php(26): view('users/index', Array)
#4 D:\xampp\htdocs\ci4\system\CodeIgniter.php(832): App\Controllers\Admin\UsersController->index()
#5 D:\xampp\htdocs\ci4\system\CodeIgniter.php(419): CodeIgniter\CodeIgniter->runController(Object(App\Controllers\Admin\UsersController))
#6 D:\xampp\htdocs\ci4\system\CodeIgniter.php(326): CodeIgniter\CodeIgniter->handleRequest(NULL, Object(Config\Cache), false)
#7 D:\xampp\htdocs\ci4\index.php(37): CodeIgniter\CodeIgniter->run()
#8 {main}
CRITICAL - 2022-03-11 07:09:32 --> Undefined property: App\Controllers\Admin\UsersController::$input
#0 D:\xampp\htdocs\ci4\app\Controllers\admin\UsersController.php(35): CodeIgniter\Debug\Exceptions->errorHandler(2, 'Undefined prope...', 'D:\\xampp\\htdocs...', 35)
#1 D:\xampp\htdocs\ci4\system\CodeIgniter.php(832): App\Controllers\Admin\UsersController->index()
#2 D:\xampp\htdocs\ci4\system\CodeIgniter.php(419): CodeIgniter\CodeIgniter->runController(Object(App\Controllers\Admin\UsersController))
#3 D:\xampp\htdocs\ci4\system\CodeIgniter.php(326): CodeIgniter\CodeIgniter->handleRequest(NULL, Object(Config\Cache), false)
#4 D:\xampp\htdocs\ci4\index.php(37): CodeIgniter\CodeIgniter->run()
#5 {main}
CRITICAL - 2022-03-11 07:09:54 --> Undefined property: App\Controllers\Admin\UsersController::$input
#0 D:\xampp\htdocs\ci4\app\Controllers\admin\UsersController.php(35): CodeIgniter\Debug\Exceptions->errorHandler(2, 'Undefined prope...', 'D:\\xampp\\htdocs...', 35)
#1 D:\xampp\htdocs\ci4\system\CodeIgniter.php(832): App\Controllers\Admin\UsersController->index()
#2 D:\xampp\htdocs\ci4\system\CodeIgniter.php(419): CodeIgniter\CodeIgniter->runController(Object(App\Controllers\Admin\UsersController))
#3 D:\xampp\htdocs\ci4\system\CodeIgniter.php(326): CodeIgniter\CodeIgniter->handleRequest(NULL, Object(Config\Cache), false)
#4 D:\xampp\htdocs\ci4\index.php(37): CodeIgniter\CodeIgniter->run()
#5 {main}
CRITICAL - 2022-03-11 07:10:14 --> Undefined property: App\Controllers\Admin\UsersController::$input
#0 D:\xampp\htdocs\ci4\app\Controllers\admin\UsersController.php(35): CodeIgniter\Debug\Exceptions->errorHandler(2, 'Undefined prope...', 'D:\\xampp\\htdocs...', 35)
#1 D:\xampp\htdocs\ci4\system\CodeIgniter.php(832): App\Controllers\Admin\UsersController->index()
#2 D:\xampp\htdocs\ci4\system\CodeIgniter.php(419): CodeIgniter\CodeIgniter->runController(Object(App\Controllers\Admin\UsersController))
#3 D:\xampp\htdocs\ci4\system\CodeIgniter.php(326): CodeIgniter\CodeIgniter->handleRequest(NULL, Object(Config\Cache), false)
#4 D:\xampp\htdocs\ci4\index.php(37): CodeIgniter\CodeIgniter->run()
#5 {main}
CRITICAL - 2022-03-11 07:11:36 --> Undefined property: App\Controllers\Admin\UsersController::$input
#0 D:\xampp\htdocs\ci4\app\Controllers\admin\UsersController.php(35): CodeIgniter\Debug\Exceptions->errorHandler(2, 'Undefined prope...', 'D:\\xampp\\htdocs...', 35)
#1 D:\xampp\htdocs\ci4\system\CodeIgniter.php(832): App\Controllers\Admin\UsersController->index()
#2 D:\xampp\htdocs\ci4\system\CodeIgniter.php(419): CodeIgniter\CodeIgniter->runController(Object(App\Controllers\Admin\UsersController))
#3 D:\xampp\htdocs\ci4\system\CodeIgniter.php(326): CodeIgniter\CodeIgniter->handleRequest(NULL, Object(Config\Cache), false)
#4 D:\xampp\htdocs\ci4\index.php(37): CodeIgniter\CodeIgniter->run()
#5 {main}
CRITICAL - 2022-03-11 07:11:52 --> Undefined property: App\Controllers\Admin\UsersController::$input
#0 D:\xampp\htdocs\ci4\app\Controllers\admin\UsersController.php(35): CodeIgniter\Debug\Exceptions->errorHandler(2, 'Undefined prope...', 'D:\\xampp\\htdocs...', 35)
#1 D:\xampp\htdocs\ci4\system\CodeIgniter.php(832): App\Controllers\Admin\UsersController->index()
#2 D:\xampp\htdocs\ci4\system\CodeIgniter.php(419): CodeIgniter\CodeIgniter->runController(Object(App\Controllers\Admin\UsersController))
#3 D:\xampp\htdocs\ci4\system\CodeIgniter.php(326): CodeIgniter\CodeIgniter->handleRequest(NULL, Object(Config\Cache), false)
#4 D:\xampp\htdocs\ci4\index.php(37): CodeIgniter\CodeIgniter->run()
#5 {main}
CRITICAL - 2022-03-11 07:12:24 --> Undefined property: App\Controllers\Admin\UsersController::$input
#0 D:\xampp\htdocs\ci4\app\Controllers\admin\UsersController.php(35): CodeIgniter\Debug\Exceptions->errorHandler(2, 'Undefined prope...', 'D:\\xampp\\htdocs...', 35)
#1 D:\xampp\htdocs\ci4\system\CodeIgniter.php(832): App\Controllers\Admin\UsersController->index()
#2 D:\xampp\htdocs\ci4\system\CodeIgniter.php(419): CodeIgniter\CodeIgniter->runController(Object(App\Controllers\Admin\UsersController))
#3 D:\xampp\htdocs\ci4\system\CodeIgniter.php(326): CodeIgniter\CodeIgniter->handleRequest(NULL, Object(Config\Cache), false)
#4 D:\xampp\htdocs\ci4\index.php(37): CodeIgniter\CodeIgniter->run()
#5 {main}
CRITICAL - 2022-03-11 07:12:41 --> Undefined property: App\Controllers\Admin\UsersController::$input
#0 D:\xampp\htdocs\ci4\app\Controllers\admin\UsersController.php(35): CodeIgniter\Debug\Exceptions->errorHandler(2, 'Undefined prope...', 'D:\\xampp\\htdocs...', 35)
#1 D:\xampp\htdocs\ci4\system\CodeIgniter.php(832): App\Controllers\Admin\UsersController->index()
#2 D:\xampp\htdocs\ci4\system\CodeIgniter.php(419): CodeIgniter\CodeIgniter->runController(Object(App\Controllers\Admin\UsersController))
#3 D:\xampp\htdocs\ci4\system\CodeIgniter.php(326): CodeIgniter\CodeIgniter->handleRequest(NULL, Object(Config\Cache), false)
#4 D:\xampp\htdocs\ci4\index.php(37): CodeIgniter\CodeIgniter->run()
#5 {main}
CRITICAL - 2022-03-11 07:14:18 --> Undefined array key "date_of_birth"
#0 D:\xampp\htdocs\ci4\app\Controllers\admin\UsersController.php(46): CodeIgniter\Debug\Exceptions->errorHandler(2, 'Undefined array...', 'D:\\xampp\\htdocs...', 46)
#1 D:\xampp\htdocs\ci4\system\CodeIgniter.php(832): App\Controllers\Admin\UsersController->index()
#2 D:\xampp\htdocs\ci4\system\CodeIgniter.php(419): CodeIgniter\CodeIgniter->runController(Object(App\Controllers\Admin\UsersController))
#3 D:\xampp\htdocs\ci4\system\CodeIgniter.php(326): CodeIgniter\CodeIgniter->handleRequest(NULL, Object(Config\Cache), false)
#4 D:\xampp\htdocs\ci4\index.php(37): CodeIgniter\CodeIgniter->run()
#5 {main}
CRITICAL - 2022-03-11 07:14:57 --> Undefined property: CodeIgniter\HTTP\IncomingRequest::$draw
#0 D:\xampp\htdocs\ci4\app\Controllers\admin\UsersController.php(39): CodeIgniter\Debug\Exceptions->errorHandler(2, 'Undefined prope...', 'D:\\xampp\\htdocs...', 39)
#1 D:\xampp\htdocs\ci4\system\CodeIgniter.php(832): App\Controllers\Admin\UsersController->index()
#2 D:\xampp\htdocs\ci4\system\CodeIgniter.php(419): CodeIgniter\CodeIgniter->runController(Object(App\Controllers\Admin\UsersController))
#3 D:\xampp\htdocs\ci4\system\CodeIgniter.php(326): CodeIgniter\CodeIgniter->handleRequest(NULL, Object(Config\Cache), false)
#4 D:\xampp\htdocs\ci4\index.php(37): CodeIgniter\CodeIgniter->run()
#5 {main}
CRITICAL - 2022-03-11 07:17:50 --> Undefined array key "date_of_birth"
#0 D:\xampp\htdocs\ci4\app\Controllers\admin\UsersController.php(46): CodeIgniter\Debug\Exceptions->errorHandler(2, 'Undefined array...', 'D:\\xampp\\htdocs...', 46)
#1 D:\xampp\htdocs\ci4\system\CodeIgniter.php(832): App\Controllers\Admin\UsersController->index()
#2 D:\xampp\htdocs\ci4\system\CodeIgniter.php(419): CodeIgniter\CodeIgniter->runController(Object(App\Controllers\Admin\UsersController))
#3 D:\xampp\htdocs\ci4\system\CodeIgniter.php(326): CodeIgniter\CodeIgniter->handleRequest(NULL, Object(Config\Cache), false)
#4 D:\xampp\htdocs\ci4\index.php(37): CodeIgniter\CodeIgniter->run()
#5 {main}
