CRITICAL - 2022-03-09 22:57:23 --> view(): Argument #2 ($data) must be of type array, string given, called in D:\xampp\htdocs\ci4\app\Controllers\Demo.php on line 10
#0 D:\xampp\htdocs\ci4\app\Controllers\Demo.php(10): view('demo', 'Demo Page')
#1 D:\xampp\htdocs\ci4\system\CodeIgniter.php(832): App\Controllers\Demo->index()
#2 D:\xampp\htdocs\ci4\system\CodeIgniter.php(419): CodeIgniter\CodeIgniter->runController(Object(App\Controllers\Demo))
#3 D:\xampp\htdocs\ci4\system\CodeIgniter.php(326): CodeIgniter\CodeIgniter->handleRequest(NULL, Object(Config\Cache), false)
#4 D:\xampp\htdocs\ci4\public\index.php(37): CodeIgniter\CodeIgniter->run()
#5 {main}
CRITICAL - 2022-03-09 23:08:40 --> view(): Argument #2 ($data) must be of type array, string given, called in D:\xampp\htdocs\ci4\app\Controllers\Demo.php on line 10
#0 D:\xampp\htdocs\ci4\app\Controllers\Demo.php(10): view('demo', 'Demo Page')
#1 D:\xampp\htdocs\ci4\system\CodeIgniter.php(832): App\Controllers\Demo->index()
#2 D:\xampp\htdocs\ci4\system\CodeIgniter.php(419): CodeIgniter\CodeIgniter->runController(Object(App\Controllers\Demo))
#3 D:\xampp\htdocs\ci4\system\CodeIgniter.php(326): CodeIgniter\CodeIgniter->handleRequest(NULL, Object(Config\Cache), false)
#4 D:\xampp\htdocs\ci4\public\index.php(37): CodeIgniter\CodeIgniter->run()
#5 {main}
CRITICAL - 2022-03-09 23:12:26 --> view(): Argument #2 ($data) must be of type array, string given, called in D:\xampp\htdocs\ci4\app\Controllers\Demo.php on line 10
#0 D:\xampp\htdocs\ci4\app\Controllers\Demo.php(10): view('demo', 'Demo Page')
#1 D:\xampp\htdocs\ci4\system\CodeIgniter.php(832): App\Controllers\Demo->index()
#2 D:\xampp\htdocs\ci4\system\CodeIgniter.php(419): CodeIgniter\CodeIgniter->runController(Object(App\Controllers\Demo))
#3 D:\xampp\htdocs\ci4\system\CodeIgniter.php(326): CodeIgniter\CodeIgniter->handleRequest(NULL, Object(Config\Cache), false)
#4 D:\xampp\htdocs\ci4\public\index.php(37): CodeIgniter\CodeIgniter->run()
#5 {main}
CRITICAL - 2022-03-09 23:13:19 --> Undefined variable $data
#0 D:\xampp\htdocs\ci4\app\Views\demo.php(4): CodeIgniter\Debug\Exceptions->errorHandler(2, 'Undefined varia...', 'D:\\xampp\\htdocs...', 4)
#1 D:\xampp\htdocs\ci4\system\View\View.php(210): include('D:\\xampp\\htdocs...')
#2 D:\xampp\htdocs\ci4\system\View\View.php(213): CodeIgniter\View\View->CodeIgniter\View\{closure}()
#3 D:\xampp\htdocs\ci4\system\Common.php(1089): CodeIgniter\View\View->render('demo', Array, true)
#4 D:\xampp\htdocs\ci4\app\Controllers\Demo.php(10): view('demo', Array)
#5 D:\xampp\htdocs\ci4\system\CodeIgniter.php(832): App\Controllers\Demo->index()
#6 D:\xampp\htdocs\ci4\system\CodeIgniter.php(419): CodeIgniter\CodeIgniter->runController(Object(App\Controllers\Demo))
#7 D:\xampp\htdocs\ci4\system\CodeIgniter.php(326): CodeIgniter\CodeIgniter->handleRequest(NULL, Object(Config\Cache), false)
#8 D:\xampp\htdocs\ci4\public\index.php(37): CodeIgniter\CodeIgniter->run()
#9 {main}
CRITICAL - 2022-03-09 23:13:36 --> Undefined variable $data
#0 D:\xampp\htdocs\ci4\app\Views\demo.php(4): CodeIgniter\Debug\Exceptions->errorHandler(2, 'Undefined varia...', 'D:\\xampp\\htdocs...', 4)
#1 D:\xampp\htdocs\ci4\system\View\View.php(210): include('D:\\xampp\\htdocs...')
#2 D:\xampp\htdocs\ci4\system\View\View.php(213): CodeIgniter\View\View->CodeIgniter\View\{closure}()
#3 D:\xampp\htdocs\ci4\system\Common.php(1089): CodeIgniter\View\View->render('demo', Array, true)
#4 D:\xampp\htdocs\ci4\app\Controllers\Demo.php(10): view('demo', Array)
#5 D:\xampp\htdocs\ci4\system\CodeIgniter.php(832): App\Controllers\Demo->index()
#6 D:\xampp\htdocs\ci4\system\CodeIgniter.php(419): CodeIgniter\CodeIgniter->runController(Object(App\Controllers\Demo))
#7 D:\xampp\htdocs\ci4\system\CodeIgniter.php(326): CodeIgniter\CodeIgniter->handleRequest(NULL, Object(Config\Cache), false)
#8 D:\xampp\htdocs\ci4\public\index.php(37): CodeIgniter\CodeIgniter->run()
#9 {main}
CRITICAL - 2022-03-09 23:13:59 --> Undefined variable $data
#0 D:\xampp\htdocs\ci4\app\Views\demo.php(8): CodeIgniter\Debug\Exceptions->errorHandler(2, 'Undefined varia...', 'D:\\xampp\\htdocs...', 8)
#1 D:\xampp\htdocs\ci4\system\View\View.php(210): include('D:\\xampp\\htdocs...')
#2 D:\xampp\htdocs\ci4\system\View\View.php(213): CodeIgniter\View\View->CodeIgniter\View\{closure}()
#3 D:\xampp\htdocs\ci4\system\Common.php(1089): CodeIgniter\View\View->render('demo', Array, true)
#4 D:\xampp\htdocs\ci4\app\Controllers\Demo.php(10): view('demo', Array)
#5 D:\xampp\htdocs\ci4\system\CodeIgniter.php(832): App\Controllers\Demo->index()
#6 D:\xampp\htdocs\ci4\system\CodeIgniter.php(419): CodeIgniter\CodeIgniter->runController(Object(App\Controllers\Demo))
#7 D:\xampp\htdocs\ci4\system\CodeIgniter.php(326): CodeIgniter\CodeIgniter->handleRequest(NULL, Object(Config\Cache), false)
#8 D:\xampp\htdocs\ci4\public\index.php(37): CodeIgniter\CodeIgniter->run()
#9 {main}
CRITICAL - 2022-03-09 23:14:34 --> Call to undefined method App\Controllers\Demo::view()
#0 D:\xampp\htdocs\ci4\system\CodeIgniter.php(832): App\Controllers\Demo->index()
#1 D:\xampp\htdocs\ci4\system\CodeIgniter.php(419): CodeIgniter\CodeIgniter->runController(Object(App\Controllers\Demo))
#2 D:\xampp\htdocs\ci4\system\CodeIgniter.php(326): CodeIgniter\CodeIgniter->handleRequest(NULL, Object(Config\Cache), false)
#3 D:\xampp\htdocs\ci4\public\index.php(37): CodeIgniter\CodeIgniter->run()
#4 {main}
CRITICAL - 2022-03-09 23:14:44 --> Undefined property: App\Controllers\Demo::$load
#0 D:\xampp\htdocs\ci4\app\Controllers\Demo.php(10): CodeIgniter\Debug\Exceptions->errorHandler(2, 'Undefined prope...', 'D:\\xampp\\htdocs...', 10)
#1 D:\xampp\htdocs\ci4\system\CodeIgniter.php(832): App\Controllers\Demo->index()
#2 D:\xampp\htdocs\ci4\system\CodeIgniter.php(419): CodeIgniter\CodeIgniter->runController(Object(App\Controllers\Demo))
#3 D:\xampp\htdocs\ci4\system\CodeIgniter.php(326): CodeIgniter\CodeIgniter->handleRequest(NULL, Object(Config\Cache), false)
#4 D:\xampp\htdocs\ci4\public\index.php(37): CodeIgniter\CodeIgniter->run()
#5 {main}
CRITICAL - 2022-03-09 23:16:48 --> Undefined variable $data
#0 D:\xampp\htdocs\ci4\app\Views\demo.php(8): CodeIgniter\Debug\Exceptions->errorHandler(2, 'Undefined varia...', 'D:\\xampp\\htdocs...', 8)
#1 D:\xampp\htdocs\ci4\system\View\View.php(210): include('D:\\xampp\\htdocs...')
#2 D:\xampp\htdocs\ci4\system\View\View.php(213): CodeIgniter\View\View->CodeIgniter\View\{closure}()
#3 D:\xampp\htdocs\ci4\system\Common.php(1089): CodeIgniter\View\View->render('demo', Array, true)
#4 D:\xampp\htdocs\ci4\app\Controllers\Demo.php(10): view('demo', Array)
#5 D:\xampp\htdocs\ci4\system\CodeIgniter.php(832): App\Controllers\Demo->index()
#6 D:\xampp\htdocs\ci4\system\CodeIgniter.php(419): CodeIgniter\CodeIgniter->runController(Object(App\Controllers\Demo))
#7 D:\xampp\htdocs\ci4\system\CodeIgniter.php(326): CodeIgniter\CodeIgniter->handleRequest(NULL, Object(Config\Cache), false)
#8 D:\xampp\htdocs\ci4\public\index.php(37): CodeIgniter\CodeIgniter->run()
#9 {main}
CRITICAL - 2022-03-09 23:18:56 --> syntax error, unexpected token ";", expecting "]"
#0 D:\xampp\htdocs\ci4\system\Router\Router.php(175): CodeIgniter\Router\Router->autoRoute('demo')
#1 D:\xampp\htdocs\ci4\system\CodeIgniter.php(726): CodeIgniter\Router\Router->handle('demo')
#2 D:\xampp\htdocs\ci4\system\CodeIgniter.php(368): CodeIgniter\CodeIgniter->tryToRouteIt(Object(CodeIgniter\Router\RouteCollection))
#3 D:\xampp\htdocs\ci4\system\CodeIgniter.php(326): CodeIgniter\CodeIgniter->handleRequest(NULL, Object(Config\Cache), false)
#4 D:\xampp\htdocs\ci4\public\index.php(37): CodeIgniter\CodeIgniter->run()
#5 {main}
CRITICAL - 2022-03-09 23:19:11 --> Undefined variable $title
#0 D:\xampp\htdocs\ci4\app\Views\demo.php(4): CodeIgniter\Debug\Exceptions->errorHandler(2, 'Undefined varia...', 'D:\\xampp\\htdocs...', 4)
#1 D:\xampp\htdocs\ci4\system\View\View.php(210): include('D:\\xampp\\htdocs...')
#2 D:\xampp\htdocs\ci4\system\View\View.php(213): CodeIgniter\View\View->CodeIgniter\View\{closure}()
#3 D:\xampp\htdocs\ci4\system\Common.php(1089): CodeIgniter\View\View->render('demo', Array, true)
#4 D:\xampp\htdocs\ci4\app\Controllers\Demo.php(14): view('demo', Array)
#5 D:\xampp\htdocs\ci4\system\CodeIgniter.php(832): App\Controllers\Demo->index()
#6 D:\xampp\htdocs\ci4\system\CodeIgniter.php(419): CodeIgniter\CodeIgniter->runController(Object(App\Controllers\Demo))
#7 D:\xampp\htdocs\ci4\system\CodeIgniter.php(326): CodeIgniter\CodeIgniter->handleRequest(NULL, Object(Config\Cache), false)
#8 D:\xampp\htdocs\ci4\public\index.php(37): CodeIgniter\CodeIgniter->run()
#9 {main}
CRITICAL - 2022-03-09 23:19:34 --> Undefined variable $datas
#0 D:\xampp\htdocs\ci4\app\Views\demo.php(8): CodeIgniter\Debug\Exceptions->errorHandler(2, 'Undefined varia...', 'D:\\xampp\\htdocs...', 8)
#1 D:\xampp\htdocs\ci4\system\View\View.php(210): include('D:\\xampp\\htdocs...')
#2 D:\xampp\htdocs\ci4\system\View\View.php(213): CodeIgniter\View\View->CodeIgniter\View\{closure}()
#3 D:\xampp\htdocs\ci4\system\Common.php(1089): CodeIgniter\View\View->render('demo', Array, true)
#4 D:\xampp\htdocs\ci4\app\Controllers\Demo.php(14): view('demo', Array)
#5 D:\xampp\htdocs\ci4\system\CodeIgniter.php(832): App\Controllers\Demo->index()
#6 D:\xampp\htdocs\ci4\system\CodeIgniter.php(419): CodeIgniter\CodeIgniter->runController(Object(App\Controllers\Demo))
#7 D:\xampp\htdocs\ci4\system\CodeIgniter.php(326): CodeIgniter\CodeIgniter->handleRequest(NULL, Object(Config\Cache), false)
#8 D:\xampp\htdocs\ci4\public\index.php(37): CodeIgniter\CodeIgniter->run()
#9 {main}
CRITICAL - 2022-03-09 23:21:56 --> syntax error, unexpected token "=", expecting "]"
#0 D:\xampp\htdocs\ci4\system\Router\Router.php(175): CodeIgniter\Router\Router->autoRoute('demo')
#1 D:\xampp\htdocs\ci4\system\CodeIgniter.php(726): CodeIgniter\Router\Router->handle('demo')
#2 D:\xampp\htdocs\ci4\system\CodeIgniter.php(368): CodeIgniter\CodeIgniter->tryToRouteIt(Object(CodeIgniter\Router\RouteCollection))
#3 D:\xampp\htdocs\ci4\system\CodeIgniter.php(326): CodeIgniter\CodeIgniter->handleRequest(NULL, Object(Config\Cache), false)
#4 D:\xampp\htdocs\ci4\public\index.php(37): CodeIgniter\CodeIgniter->run()
#5 {main}
